0 info it worked if it ends with ok
1 verbose cli [ '/usr/local/Cellar/node/7.6.0/bin/node',
1 verbose cli   '/usr/local/bin/npm',
1 verbose cli   'run',
1 verbose cli   'client' ]
2 info using npm@4.1.2
3 info using node@v7.6.0
4 verbose run-script [ 'preclient', 'client', 'postclient' ]
5 info lifecycle game-square@1.0.0~preclient: game-square@1.0.0
6 silly lifecycle game-square@1.0.0~preclient: no script for preclient, continuing
7 info lifecycle game-square@1.0.0~client: game-square@1.0.0
8 verbose lifecycle game-square@1.0.0~client: unsafe-perm in lifecycle true
9 verbose lifecycle game-square@1.0.0~client: PATH: /usr/local/lib/node_modules/npm/bin/node-gyp-bin:/Users/jacobjohnson/repos/game-square/node_modules/.bin:/usr/local/lib/node_modules/npm/bin/node-gyp-bin:/Users/jacobjohnson/repos/game-square/node_modules/.bin:/usr/local/bin:/usr/bin:/bin:/usr/sbin:/sbin
10 verbose lifecycle game-square@1.0.0~client: CWD: /Users/jacobjohnson/repos/game-square
11 silly lifecycle game-square@1.0.0~client: Args: [ '-c',
11 silly lifecycle   'webpack-dev-server --inline --progress --colors --port 8080 --config  config/webpack.dev.js' ]
12 silly lifecycle game-square@1.0.0~client: Returned: code: 1  signal: null
13 info lifecycle game-square@1.0.0~client: Failed to exec client script
14 verbose stack Error: game-square@1.0.0 client: `webpack-dev-server --inline --progress --colors --port 8080 --config  config/webpack.dev.js`
14 verbose stack Exit status 1
14 verbose stack     at EventEmitter.<anonymous> (/usr/local/lib/node_modules/npm/lib/utils/lifecycle.js:279:16)
14 verbose stack     at emitTwo (events.js:106:13)
14 verbose stack     at EventEmitter.emit (events.js:192:7)
14 verbose stack     at ChildProcess.<anonymous> (/usr/local/lib/node_modules/npm/lib/utils/spawn.js:40:14)
14 verbose stack     at emitTwo (events.js:106:13)
14 verbose stack     at ChildProcess.emit (events.js:192:7)
14 verbose stack     at maybeClose (internal/child_process.js:890:16)
14 verbose stack     at Process.ChildProcess._handle.onexit (internal/child_process.js:226:5)
15 verbose pkgid game-square@1.0.0
16 verbose cwd /Users/jacobjohnson/repos/game-square
17 error Darwin 16.5.0
18 error argv "/usr/local/Cellar/node/7.6.0/bin/node" "/usr/local/bin/npm" "run" "client"
19 error node v7.6.0
20 error npm  v4.1.2
21 error code ELIFECYCLE
22 error game-square@1.0.0 client: `webpack-dev-server --inline --progress --colors --port 8080 --config  config/webpack.dev.js`
22 error Exit status 1
23 error Failed at the game-square@1.0.0 client script 'webpack-dev-server --inline --progress --colors --port 8080 --config  config/webpack.dev.js'.
23 error Make sure you have the latest version of node.js and npm installed.
23 error If you do, this is most likely a problem with the game-square package,
23 error not with npm itself.
23 error Tell the author that this fails on your system:
23 error     webpack-dev-server --inline --progress --colors --port 8080 --config  config/webpack.dev.js
23 error You can get information on how to open an issue for this project with:
23 error     npm bugs game-square
23 error Or if that isn't available, you can get their info via:
23 error     npm owner ls game-square
23 error There is likely additional logging output above.
24 verbose exit [ 1, true ]
