0 info it worked if it ends with ok
1 verbose cli [ '/usr/local/Cellar/node/7.6.0/bin/node',
1 verbose cli   '/usr/local/bin/npm',
1 verbose cli   'run',
1 verbose cli   'client' ]
2 info using npm@4.1.2
3 info using node@v7.6.0
4 verbose run-script [ 'preclient', 'client', 'postclient' ]
5 info lifecycle game-square@1.0.0~preclient: game-square@1.0.0
6 silly lifecycle game-square@1.0.0~preclient: no script for preclient, continuing
7 info lifecycle game-square@1.0.0~client: game-square@1.0.0
8 verbose lifecycle game-square@1.0.0~client: unsafe-perm in lifecycle true
9 verbose lifecycle game-square@1.0.0~client: PATH: /usr/local/lib/node_modules/npm/bin/node-gyp-bin:/Users/jacobjohnson/repos/game-square/src/node_modules/.bin:/usr/local/bin:/usr/bin:/bin:/usr/sbin:/sbin
10 verbose lifecycle game-square@1.0.0~client: CWD: /Users/jacobjohnson/repos/game-square/src
11 silly lifecycle game-square@1.0.0~client: Args: [ '-c',
11 silly lifecycle   'webpack-dev-server --inline --progress --colors --port 8080 --config  ../config/webpack.dev.js' ]
12 info lifecycle game-square@1.0.0~client: Failed to exec client script
13 verbose stack Error: game-square@1.0.0 client: `webpack-dev-server --inline --progress --colors --port 8080 --config  ../config/webpack.dev.js`
13 verbose stack spawn ENOENT
13 verbose stack     at ChildProcess.<anonymous> (/usr/local/lib/node_modules/npm/lib/utils/spawn.js:33:16)
13 verbose stack     at emitTwo (events.js:106:13)
13 verbose stack     at ChildProcess.emit (events.js:192:7)
13 verbose stack     at maybeClose (internal/child_process.js:890:16)
13 verbose stack     at Process.ChildProcess._handle.onexit (internal/child_process.js:226:5)
14 verbose pkgid game-square@1.0.0
15 verbose cwd /Users/jacobjohnson/repos/game-square/src
16 error Darwin 16.5.0
17 error argv "/usr/local/Cellar/node/7.6.0/bin/node" "/usr/local/bin/npm" "run" "client"
18 error node v7.6.0
19 error npm  v4.1.2
20 error file sh
21 error code ELIFECYCLE
22 error errno ENOENT
23 error syscall spawn
24 error game-square@1.0.0 client: `webpack-dev-server --inline --progress --colors --port 8080 --config  ../config/webpack.dev.js`
24 error spawn ENOENT
25 error Failed at the game-square@1.0.0 client script 'webpack-dev-server --inline --progress --colors --port 8080 --config  ../config/webpack.dev.js'.
25 error Make sure you have the latest version of node.js and npm installed.
25 error If you do, this is most likely a problem with the game-square package,
25 error not with npm itself.
25 error Tell the author that this fails on your system:
25 error     webpack-dev-server --inline --progress --colors --port 8080 --config  ../config/webpack.dev.js
25 error You can get information on how to open an issue for this project with:
25 error     npm bugs game-square
25 error Or if that isn't available, you can get their info via:
25 error     npm owner ls game-square
25 error There is likely additional logging output above.
26 verbose exit [ 1, true ]
